This file contains any messages produced by compilers while
running configure, to aid debugging if configure makes a mistake.

It was created by maritime configure 0.0.9, which was
generated by GNU Autoconf 2.69.  Invocation command line was

  $ ./configure 

## --------- ##
## Platform. ##
## --------- ##

hostname = noisy-cricket
uname -m = x86_64
uname -r = 5.0.0-37-generic
uname -s = Linux
uname -v = #40~18.04.1-Ubuntu SMP Thu Nov 14 12:06:39 UTC 2019

/usr/bin/uname -p = unknown
/bin/uname -X     = unknown

/bin/arch              = unknown
/usr/bin/arch -k       = unknown
/usr/convex/getsysinfo = unknown
/usr/bin/hostinfo      = unknown
/bin/machine           = unknown
/usr/bin/oslevel       = unknown
/bin/universe          = unknown

PATH: /home/brendan/.cargo/bin
PATH: /home/brendan/.local/bin
PATH: /home/brendan/bin
PATH: /usr/local/sbin
PATH: /usr/local/bin
PATH: /usr/sbin
PATH: /usr/bin
PATH: /sbin
PATH: /bin
PATH: /usr/games
PATH: /usr/local/games
PATH: /snap/bin
PATH: /usr/lib/rstudio/bin/postback


## ----------- ##
## Core tests. ##
## ----------- ##

configure:1841: creating ./config.status

## ---------------------- ##
## Running config.status. ##
## ---------------------- ##

This file was extended by maritime config.status 0.0.9, which was
generated by GNU Autoconf 2.69.  Invocation command line was

  CONFIG_FILES    = 
  CONFIG_HEADERS  = 
  CONFIG_LINKS    = 
  CONFIG_COMMANDS = 
  $ ./config.status 

on noisy-cricket

config.status:724: creating src/Makevars
configure:2998: creating ./config.status

## ---------------------- ##
## Running config.status. ##
## ---------------------- ##

This file was extended by maritime config.status 0.0.9, which was
generated by GNU Autoconf 2.69.  Invocation command line was

  CONFIG_FILES    = 
  CONFIG_HEADERS  = 
  CONFIG_LINKS    = 
  CONFIG_COMMANDS = 
  $ ./config.status 

on noisy-cricket

config.status:725: creating src/Makevars
config.status:725: creating src/Makevars.win

## ---------------- ##
## Cache variables. ##
## ---------------- ##

ac_cv_env_build_alias_set=
ac_cv_env_build_alias_value=
ac_cv_env_host_alias_set=
ac_cv_env_host_alias_value=
ac_cv_env_target_alias_set=
ac_cv_env_target_alias_value=

## ----------------- ##
## Output variables. ##
## ----------------- ##

ALL_SOURCES='../inst/include/libais/src/libais/ais.cpp ../inst/include/libais/src/libais/ais10.cpp ../inst/include/libais/src/libais/ais12.cpp ../inst/include/libais/src/libais/ais14.cpp ../inst/include/libais/src/libais/ais15.cpp ../inst/include/libais/src/libais/ais16.cpp ../inst/include/libais/src/libais/ais17.cpp ../inst/include/libais/src/libais/ais18.cpp ../inst/include/libais/src/libais/ais19.cpp ../inst/include/libais/src/libais/ais1_2_3.cpp ../inst/include/libais/src/libais/ais20.cpp ../inst/include/libais/src/libais/ais21.cpp ../inst/include/libais/src/libais/ais22.cpp ../inst/include/libais/src/libais/ais23.cpp ../inst/include/libais/src/libais/ais24.cpp ../inst/include/libais/src/libais/ais25.cpp ../inst/include/libais/src/libais/ais26.cpp ../inst/include/libais/src/libais/ais27.cpp ../inst/include/libais/src/libais/ais4_11.cpp ../inst/include/libais/src/libais/ais5.cpp ../inst/include/libais/src/libais/ais6.cpp ../inst/include/libais/src/libais/ais7_13.cpp ../inst/include/libais/src/libais/ais8.cpp ../inst/include/libais/src/libais/ais8_1_22.cpp ../inst/include/libais/src/libais/ais8_1_26.cpp ../inst/include/libais/src/libais/ais8_200.cpp ../inst/include/libais/src/libais/ais8_366.cpp ../inst/include/libais/src/libais/ais8_366_22.cpp ../inst/include/libais/src/libais/ais8_367.cpp ../inst/include/libais/src/libais/ais9.cpp ../inst/include/libais/src/libais/ais_bitset.cpp ../inst/include/libais/src/libais/decode_body.cpp ../inst/include/libais/src/libais/vdm.cpp '
DEFS='-DPACKAGE_NAME=\"maritime\" -DPACKAGE_TARNAME=\"maritime\" -DPACKAGE_VERSION=\"0.0.9\" -DPACKAGE_STRING=\"maritime\ 0.0.9\" -DPACKAGE_BUGREPORT=\"\" -DPACKAGE_URL=\"\"'
ECHO_C=''
ECHO_N='-n'
ECHO_T=''
LIBOBJS=''
LIBS=''
LTLIBOBJS=''
PACKAGE_BUGREPORT=''
PACKAGE_NAME='maritime'
PACKAGE_STRING='maritime 0.0.9'
PACKAGE_TARNAME='maritime'
PACKAGE_URL=''
PACKAGE_VERSION='0.0.9'
PATH_SEPARATOR=':'
SHELL='/bin/bash'
bindir='${exec_prefix}/bin'
build_alias=''
datadir='${datarootdir}'
datarootdir='${prefix}/share'
docdir='${datarootdir}/doc/${PACKAGE_TARNAME}'
dvidir='${docdir}'
exec_prefix='${prefix}'
host_alias=''
htmldir='${docdir}'
includedir='${prefix}/include'
infodir='${datarootdir}/info'
libdir='${exec_prefix}/lib'
libexecdir='${exec_prefix}/libexec'
localedir='${datarootdir}/locale'
localstatedir='${prefix}/var'
mandir='${datarootdir}/man'
oldincludedir='/usr/include'
pdfdir='${docdir}'
prefix='/usr/local'
program_transform_name='s,x,x,'
psdir='${docdir}'
runstatedir='${localstatedir}/run'
sbindir='${exec_prefix}/sbin'
sharedstatedir='${prefix}/com'
sysconfdir='${prefix}/etc'
target_alias=''

## ----------- ##
## confdefs.h. ##
## ----------- ##

/* confdefs.h */
#define PACKAGE_NAME "maritime"
#define PACKAGE_TARNAME "maritime"
#define PACKAGE_VERSION "0.0.9"
#define PACKAGE_STRING "maritime 0.0.9"
#define PACKAGE_BUGREPORT ""
#define PACKAGE_URL ""

configure: exit 0
